This file contains any messages produced by compilers while
running configure, to aid debugging if configure makes a mistake.

It was created by fxlms configure 0.0.0-pre0, which was
generated by GNU Autoconf 2.69.  Invocation command line was

  $ ./configure 

## --------- ##
## Platform. ##
## --------- ##

hostname = tabor
uname -m = x86_64
uname -r = 4.3.1+
uname -s = Linux
uname -v = #19 SMP Fri Mar 25 14:07:52 CET 2016

/usr/bin/uname -p = unknown
/bin/uname -X     = unknown

/bin/arch              = x86_64
/usr/bin/arch -k       = unknown
/usr/convex/getsysinfo = unknown
/usr/bin/hostinfo      = unknown
/bin/machine           = unknown
/usr/bin/oslevel       = unknown
/bin/universe          = unknown

PATH: /usr/local/bin
PATH: /usr/bin
PATH: /bin
PATH: /home/users/mniedzwiedz/bin
PATH: /usr/lib64/git-core
PATH: /home/users/mniedzwiedz/bin


## ----------- ##
## Core tests. ##
## ----------- ##

configure:2124: checking for a BSD-compatible install
configure:2192: result: /usr/bin/install -c
configure:2203: checking whether build environment is sane
configure:2258: result: yes
configure:2409: checking for a thread-safe mkdir -p
configure:2448: result: /bin/mkdir -p
configure:2455: checking for mawk
configure:2471: found /bin/mawk
configure:2482: result: mawk
configure:2493: checking whether make sets $(MAKE)
configure:2515: result: yes
configure:2544: checking whether make supports nested variables
configure:2561: result: yes
configure:2700: checking for style of include used by make
configure:2728: result: GNU
configure:2799: checking for gcc
configure:2815: found /usr/bin/gcc
configure:2826: result: gcc
configure:3055: checking for C compiler version
configure:3064: gcc --version >&5
gcc (PLD-Linux) 7.2.0 20170814 (release)
Copyright (C) 2017 Free Software Foundation, Inc.
This is free software; see the source for copying conditions.  There is NO
warranty; not even for MERCHANTABILITY or FITNESS FOR A PARTICULAR PURPOSE.

configure:3075: $? = 0
configure:3064: gcc -v >&5
Reading specs from /usr/lib64/gcc/x86_64-pld-linux/7.2.0/specs
COLLECT_GCC=gcc
COLLECT_LTO_WRAPPER=/usr/lib64/gcc/x86_64-pld-linux/7.2.0/lto-wrapper
Target: x86_64-pld-linux
Configured with: ../configure --prefix=/usr --with-local-prefix=/usr/local --libdir=/usr/lib64 --libexecdir=/usr/lib64 --infodir=/usr/share/info --mandir=/usr/share/man --x-libraries=/usr/lib64 --enable-bootstrap --disable-build-with-cxx --disable-build-poststage1-with-cxx --enable-c99 --enable-checking=release --disable-cld --enable-cmath --enable-decimal-float --enable-gnu-indirect-function --enable-gnu-unique-object --enable-initfini-array --disable-isl-version-check --enable-languages=c,c++,fortran,objc,obj-c++,ada,go --enable-libgomp --enable-libitm --enable-linker-build-id --enable-linux-futex --enable-long-long --enable-nls --enable-lto --enable-plugin --enable-shared --enable-threads=posix --disable-werror --with-arch-32=x86-64 --with-demangler-in-ld --with-gnu-as --with-gnu-ld --with-linker-hash-style=gnu --with-long-double-128 --with-multilib-list=m32,m64,mx32 --with-slibdir=/lib64 --without-system-libunwind --with-system-zlib --without-x --enable-__cxa_atexit --enable-libstdcxx-allocator=new --disable-libstdcxx-pch --enable-libstdcxx-threads --enable-libstdcxx-time=rt --enable-libstdcxx-visibility --enable-symvers=gnu --with-gxx-include-dir=/usr/include/c++/7.2.0 --enable-vtable-verify --with-pkgversion=PLD-Linux --with-bugurl=http://bugs.pld-linux.org --host=x86_64-pld-linux --build=x86_64-pld-linux
Thread model: posix
gcc version 7.2.0 20170814 (release) (PLD-Linux) 
configure:3075: $? = 0
configure:3064: gcc -V >&5
gcc: error: unrecognized command line option '-V'
gcc: fatal error: no input files
compilation terminated.
configure:3075: $? = 1
configure:3064: gcc -qversion >&5
gcc: error: unrecognized command line option '-qversion'; did you mean '--version'?
gcc: fatal error: no input files
compilation terminated.
configure:3075: $? = 1
configure:3095: checking whether the C compiler works
configure:3117: gcc    conftest.c  >&5
configure:3121: $? = 0
configure:3169: result: yes
configure:3172: checking for C compiler default output file name
configure:3174: result: a.out
configure:3180: checking for suffix of executables
configure:3187: gcc -o conftest    conftest.c  >&5
configure:3191: $? = 0
configure:3213: result: 
configure:3235: checking whether we are cross compiling
configure:3243: gcc -o conftest    conftest.c  >&5
configure:3247: $? = 0
configure:3254: ./conftest
configure:3258: $? = 0
configure:3273: result: no
configure:3278: checking for suffix of object files
configure:3300: gcc -c   conftest.c >&5
configure:3304: $? = 0
configure:3325: result: o
configure:3329: checking whether we are using the GNU C compiler
configure:3348: gcc -c   conftest.c >&5
configure:3348: $? = 0
configure:3357: result: yes
configure:3366: checking whether gcc accepts -g
configure:3386: gcc -c -g  conftest.c >&5
configure:3386: $? = 0
configure:3427: result: yes
configure:3444: checking for gcc option to accept ISO C89
configure:3507: gcc  -c -g -O2  conftest.c >&5
configure:3507: $? = 0
configure:3520: result: none needed
configure:3545: checking whether gcc understands -c and -o together
configure:3567: gcc -c conftest.c -o conftest2.o
configure:3570: $? = 0
configure:3567: gcc -c conftest.c -o conftest2.o
configure:3570: $? = 0
configure:3582: result: yes
configure:3601: checking dependency style of gcc
configure:3712: result: gcc3
configure:3733: checking how to run the C preprocessor
configure:3764: gcc -E  conftest.c
configure:3764: $? = 0
configure:3778: gcc -E  conftest.c
conftest.c:11:10: fatal error: ac_nonexistent.h: No such file or directory
 #include <ac_nonexistent.h>
          ^~~~~~~~~~~~~~~~~~
compilation terminated.
configure:3778: $? = 1
configure: failed program was:
| /* confdefs.h */
| #define PACKAGE_NAME "fxlms"
| #define PACKAGE_TARNAME "fxlms"
| #define PACKAGE_VERSION "0.0.0-pre0"
| #define PACKAGE_STRING "fxlms 0.0.0-pre0"
| #define PACKAGE_BUGREPORT "krzysiek@podlesie.net"
| #define PACKAGE_URL ""
| #define PACKAGE "fxlms"
| #define VERSION "0.0.0-pre0"
| /* end confdefs.h.  */
| #include <ac_nonexistent.h>
configure:3803: result: gcc -E
configure:3823: gcc -E  conftest.c
configure:3823: $? = 0
configure:3837: gcc -E  conftest.c
conftest.c:11:10: fatal error: ac_nonexistent.h: No such file or directory
 #include <ac_nonexistent.h>
          ^~~~~~~~~~~~~~~~~~
compilation terminated.
configure:3837: $? = 1
configure: failed program was:
| /* confdefs.h */
| #define PACKAGE_NAME "fxlms"
| #define PACKAGE_TARNAME "fxlms"
| #define PACKAGE_VERSION "0.0.0-pre0"
| #define PACKAGE_STRING "fxlms 0.0.0-pre0"
| #define PACKAGE_BUGREPORT "krzysiek@podlesie.net"
| #define PACKAGE_URL ""
| #define PACKAGE "fxlms"
| #define VERSION "0.0.0-pre0"
| /* end confdefs.h.  */
| #include <ac_nonexistent.h>
configure:3866: checking for grep that handles long lines and -e
configure:3924: result: /bin/grep
configure:3929: checking for egrep
configure:3991: result: /bin/grep -E
configure:3996: checking for ANSI C header files
configure:4016: gcc -c -g -O2  conftest.c >&5
configure:4016: $? = 0
configure:4089: gcc -o conftest -g -O2   conftest.c  >&5
configure:4089: $? = 0
configure:4089: ./conftest
configure:4089: $? = 0
configure:4100: result: yes
configure:4113: checking for sys/types.h
configure:4113: gcc -c -g -O2  conftest.c >&5
configure:4113: $? = 0
configure:4113: result: yes
configure:4113: checking for sys/stat.h
configure:4113: gcc -c -g -O2  conftest.c >&5
configure:4113: $? = 0
configure:4113: result: yes
configure:4113: checking for stdlib.h
configure:4113: gcc -c -g -O2  conftest.c >&5
configure:4113: $? = 0
configure:4113: result: yes
configure:4113: checking for string.h
configure:4113: gcc -c -g -O2  conftest.c >&5
configure:4113: $? = 0
configure:4113: result: yes
configure:4113: checking for memory.h
configure:4113: gcc -c -g -O2  conftest.c >&5
configure:4113: $? = 0
configure:4113: result: yes
configure:4113: checking for strings.h
configure:4113: gcc -c -g -O2  conftest.c >&5
configure:4113: $? = 0
configure:4113: result: yes
configure:4113: checking for inttypes.h
configure:4113: gcc -c -g -O2  conftest.c >&5
configure:4113: $? = 0
configure:4113: result: yes
configure:4113: checking for stdint.h
configure:4113: gcc -c -g -O2  conftest.c >&5
configure:4113: $? = 0
configure:4113: result: yes
configure:4113: checking for unistd.h
configure:4113: gcc -c -g -O2  conftest.c >&5
configure:4113: $? = 0
configure:4113: result: yes
configure:4126: checking minix/config.h usability
configure:4126: gcc -c -g -O2  conftest.c >&5
conftest.c:54:10: fatal error: minix/config.h: No such file or directory
 #include <minix/config.h>
          ^~~~~~~~~~~~~~~~
compilation terminated.
configure:4126: $? = 1
configure: failed program was:
| /* confdefs.h */
| #define PACKAGE_NAME "fxlms"
| #define PACKAGE_TARNAME "fxlms"
| #define PACKAGE_VERSION "0.0.0-pre0"
| #define PACKAGE_STRING "fxlms 0.0.0-pre0"
| #define PACKAGE_BUGREPORT "krzysiek@podlesie.net"
| #define PACKAGE_URL ""
| #define PACKAGE "fxlms"
| #define VERSION "0.0.0-pre0"
| #define STDC_HEADERS 1
| #define HAVE_SYS_TYPES_H 1
| #define HAVE_SYS_STAT_H 1
| #define HAVE_STDLIB_H 1
| #define HAVE_STRING_H 1
| #define HAVE_MEMORY_H 1
| #define HAVE_STRINGS_H 1
| #define HAVE_INTTYPES_H 1
| #define HAVE_STDINT_H 1
| #define HAVE_UNISTD_H 1
| /* end confdefs.h.  */
| #include <stdio.h>
| #ifdef HAVE_SYS_TYPES_H
| # include <sys/types.h>
| #endif
| #ifdef HAVE_SYS_STAT_H
| # include <sys/stat.h>
| #endif
| #ifdef STDC_HEADERS
| # include <stdlib.h>
| # include <stddef.h>
| #else
| # ifdef HAVE_STDLIB_H
| #  include <stdlib.h>
| # endif
| #endif
| #ifdef HAVE_STRING_H
| # if !defined STDC_HEADERS && defined HAVE_MEMORY_H
| #  include <memory.h>
| # endif
| # include <string.h>
| #endif
| #ifdef HAVE_STRINGS_H
| # include <strings.h>
| #endif
| #ifdef HAVE_INTTYPES_H
| # include <inttypes.h>
| #endif
| #ifdef HAVE_STDINT_H
| # include <stdint.h>
| #endif
| #ifdef HAVE_UNISTD_H
| # include <unistd.h>
| #endif
| #include <minix/config.h>
configure:4126: result: no
configure:4126: checking minix/config.h presence
configure:4126: gcc -E  conftest.c
conftest.c:21:10: fatal error: minix/config.h: No such file or directory
 #include <minix/config.h>
          ^~~~~~~~~~~~~~~~
compilation terminated.
configure:4126: $? = 1
configure: failed program was:
| /* confdefs.h */
| #define PACKAGE_NAME "fxlms"
| #define PACKAGE_TARNAME "fxlms"
| #define PACKAGE_VERSION "0.0.0-pre0"
| #define PACKAGE_STRING "fxlms 0.0.0-pre0"
| #define PACKAGE_BUGREPORT "krzysiek@podlesie.net"
| #define PACKAGE_URL ""
| #define PACKAGE "fxlms"
| #define VERSION "0.0.0-pre0"
| #define STDC_HEADERS 1
| #define HAVE_SYS_TYPES_H 1
| #define HAVE_SYS_STAT_H 1
| #define HAVE_STDLIB_H 1
| #define HAVE_STRING_H 1
| #define HAVE_MEMORY_H 1
| #define HAVE_STRINGS_H 1
| #define HAVE_INTTYPES_H 1
| #define HAVE_STDINT_H 1
| #define HAVE_UNISTD_H 1
| /* end confdefs.h.  */
| #include <minix/config.h>
configure:4126: result: no
configure:4126: checking for minix/config.h
configure:4126: result: no
configure:4147: checking whether it is safe to define __EXTENSIONS__
configure:4165: gcc -c -g -O2  conftest.c >&5
configure:4165: $? = 0
configure:4172: result: yes
configure:4236: checking for gcc
configure:4263: result: gcc
configure:4492: checking for C compiler version
configure:4501: gcc --version >&5
gcc (PLD-Linux) 7.2.0 20170814 (release)
Copyright (C) 2017 Free Software Foundation, Inc.
This is free software; see the source for copying conditions.  There is NO
warranty; not even for MERCHANTABILITY or FITNESS FOR A PARTICULAR PURPOSE.

configure:4512: $? = 0
configure:4501: gcc -v >&5
Reading specs from /usr/lib64/gcc/x86_64-pld-linux/7.2.0/specs
COLLECT_GCC=gcc
COLLECT_LTO_WRAPPER=/usr/lib64/gcc/x86_64-pld-linux/7.2.0/lto-wrapper
Target: x86_64-pld-linux
Configured with: ../configure --prefix=/usr --with-local-prefix=/usr/local --libdir=/usr/lib64 --libexecdir=/usr/lib64 --infodir=/usr/share/info --mandir=/usr/share/man --x-libraries=/usr/lib64 --enable-bootstrap --disable-build-with-cxx --disable-build-poststage1-with-cxx --enable-c99 --enable-checking=release --disable-cld --enable-cmath --enable-decimal-float --enable-gnu-indirect-function --enable-gnu-unique-object --enable-initfini-array --disable-isl-version-check --enable-languages=c,c++,fortran,objc,obj-c++,ada,go --enable-libgomp --enable-libitm --enable-linker-build-id --enable-linux-futex --enable-long-long --enable-nls --enable-lto --enable-plugin --enable-shared --enable-threads=posix --disable-werror --with-arch-32=x86-64 --with-demangler-in-ld --with-gnu-as --with-gnu-ld --with-linker-hash-style=gnu --with-long-double-128 --with-multilib-list=m32,m64,mx32 --with-slibdir=/lib64 --without-system-libunwind --with-system-zlib --without-x --enable-__cxa_atexit --enable-libstdcxx-allocator=new --disable-libstdcxx-pch --enable-libstdcxx-threads --enable-libstdcxx-time=rt --enable-libstdcxx-visibility --enable-symvers=gnu --with-gxx-include-dir=/usr/include/c++/7.2.0 --enable-vtable-verify --with-pkgversion=PLD-Linux --with-bugurl=http://bugs.pld-linux.org --host=x86_64-pld-linux --build=x86_64-pld-linux
Thread model: posix
gcc version 7.2.0 20170814 (release) (PLD-Linux) 
configure:4512: $? = 0
configure:4501: gcc -V >&5
gcc: error: unrecognized command line option '-V'
gcc: fatal error: no input files
compilation terminated.
configure:4512: $? = 1
configure:4501: gcc -qversion >&5
gcc: error: unrecognized command line option '-qversion'; did you mean '--version'?
gcc: fatal error: no input files
compilation terminated.
configure:4512: $? = 1
configure:4516: checking whether we are using the GNU C compiler
configure:4544: result: yes
configure:4553: checking whether gcc accepts -g
configure:4614: result: yes
configure:4631: checking for gcc option to accept ISO C89
configure:4707: result: none needed
configure:4732: checking whether gcc understands -c and -o together
configure:4769: result: yes
configure:4788: checking dependency style of gcc
configure:4899: result: gcc3
configure:4914: checking for gcc option to accept ISO C99
configure:5063: gcc  -c -g -O2  conftest.c >&5
configure:5063: $? = 0
configure:5076: result: none needed
configure:5114: checking for sin in -lm
configure:5139: gcc -o conftest -g -O2   conftest.c -lm   >&5
conftest.c:33:6: warning: conflicting types for built-in function 'sin' [-Wbuiltin-declaration-mismatch]
 char sin ();
      ^~~
configure:5139: $? = 0
configure:5148: result: yes
configure:5309: checking that generated files are newer than configure
configure:5315: result: done
configure:5342: creating ./config.status

## ---------------------- ##
## Running config.status. ##
## ---------------------- ##

This file was extended by fxlms config.status 0.0.0-pre0, which was
generated by GNU Autoconf 2.69.  Invocation command line was

  CONFIG_FILES    = 
  CONFIG_HEADERS  = 
  CONFIG_LINKS    = 
  CONFIG_COMMANDS = 
  $ ./config.status 

on tabor

config.status:777: creating Makefile
config.status:949: executing depfiles commands

## ---------------- ##
## Cache variables. ##
## ---------------- ##

ac_cv_c_compiler_gnu=yes
ac_cv_env_CC_set=
ac_cv_env_CC_value=
ac_cv_env_CFLAGS_set=
ac_cv_env_CFLAGS_value=
ac_cv_env_CPPFLAGS_set=
ac_cv_env_CPPFLAGS_value=
ac_cv_env_CPP_set=
ac_cv_env_CPP_value=
ac_cv_env_LDFLAGS_set=
ac_cv_env_LDFLAGS_value=
ac_cv_env_LIBS_set=
ac_cv_env_LIBS_value=
ac_cv_env_build_alias_set=
ac_cv_env_build_alias_value=
ac_cv_env_host_alias_set=
ac_cv_env_host_alias_value=
ac_cv_env_target_alias_set=
ac_cv_env_target_alias_value=
ac_cv_header_inttypes_h=yes
ac_cv_header_memory_h=yes
ac_cv_header_minix_config_h=no
ac_cv_header_stdc=yes
ac_cv_header_stdint_h=yes
ac_cv_header_stdlib_h=yes
ac_cv_header_string_h=yes
ac_cv_header_strings_h=yes
ac_cv_header_sys_stat_h=yes
ac_cv_header_sys_types_h=yes
ac_cv_header_unistd_h=yes
ac_cv_lib_m_sin=yes
ac_cv_objext=o
ac_cv_path_EGREP='/bin/grep -E'
ac_cv_path_GREP=/bin/grep
ac_cv_path_install='/usr/bin/install -c'
ac_cv_path_mkdir=/bin/mkdir
ac_cv_prog_AWK=mawk
ac_cv_prog_CPP='gcc -E'
ac_cv_prog_ac_ct_CC=gcc
ac_cv_prog_cc_c89=
ac_cv_prog_cc_c99=
ac_cv_prog_cc_g=yes
ac_cv_prog_make_make_set=yes
ac_cv_safe_to_define___extensions__=yes
am_cv_CC_dependencies_compiler_type=gcc3
am_cv_make_support_nested_variables=yes
am_cv_prog_cc_c_o=yes

## ----------------- ##
## Output variables. ##
## ----------------- ##

ACLOCAL='${SHELL} /home/users/mniedzwiedz/fxlms/fxlms2/missing aclocal-1.15'
AMDEPBACKSLASH='\'
AMDEP_FALSE='#'
AMDEP_TRUE=''
AMTAR='$${TAR-tar}'
AM_BACKSLASH='\'
AM_DEFAULT_V='$(AM_DEFAULT_VERBOSITY)'
AM_DEFAULT_VERBOSITY='1'
AM_V='$(V)'
AUTOCONF='${SHELL} /home/users/mniedzwiedz/fxlms/fxlms2/missing autoconf'
AUTOHEADER='${SHELL} /home/users/mniedzwiedz/fxlms/fxlms2/missing autoheader'
AUTOMAKE='${SHELL} /home/users/mniedzwiedz/fxlms/fxlms2/missing automake-1.15'
AWK='mawk'
CC='gcc'
CCDEPMODE='depmode=gcc3'
CFLAGS='-g -O2'
CPP='gcc -E'
CPPFLAGS=''
CYGPATH_W='echo'
DEFS='-DPACKAGE_NAME=\"fxlms\" -DPACKAGE_TARNAME=\"fxlms\" -DPACKAGE_VERSION=\"0.0.0-pre0\" -DPACKAGE_STRING=\"fxlms\ 0.0.0-pre0\" -DPACKAGE_BUGREPORT=\"krzysiek@podlesie.net\" -DPACKAGE_URL=\"\" -DPACKAGE=\"fxlms\" -DVERSION=\"0.0.0-pre0\" -DSTDC_HEADERS=1 -DHAVE_SYS_TYPES_H=1 -DHAVE_SYS_STAT_H=1 -DHAVE_STDLIB_H=1 -DHAVE_STRING_H=1 -DHAVE_MEMORY_H=1 -DHAVE_STRINGS_H=1 -DHAVE_INTTYPES_H=1 -DHAVE_STDINT_H=1 -DHAVE_UNISTD_H=1 -D__EXTENSIONS__=1 -D_ALL_SOURCE=1 -D_GNU_SOURCE=1 -D_POSIX_PTHREAD_SEMANTICS=1 -D_TANDEM_SOURCE=1 -DHAVE_LIBM=1'
DEPDIR='.deps'
ECHO_C=''
ECHO_N='-n'
ECHO_T=''
EGREP='/bin/grep -E'
EXEEXT=''
GREP='/bin/grep'
INSTALL_DATA='${INSTALL} -m 644'
INSTALL_PROGRAM='${INSTALL}'
INSTALL_SCRIPT='${INSTALL}'
INSTALL_STRIP_PROGRAM='$(install_sh) -c -s'
LDFLAGS=''
LIBOBJS=''
LIBS='-lm '
LTLIBOBJS=''
MAKEINFO='${SHELL} /home/users/mniedzwiedz/fxlms/fxlms2/missing makeinfo'
MKDIR_P='/bin/mkdir -p'
OBJEXT='o'
PACKAGE='fxlms'
PACKAGE_BUGREPORT='krzysiek@podlesie.net'
PACKAGE_NAME='fxlms'
PACKAGE_STRING='fxlms 0.0.0-pre0'
PACKAGE_TARNAME='fxlms'
PACKAGE_URL=''
PACKAGE_VERSION='0.0.0-pre0'
PATH_SEPARATOR=':'
SET_MAKE=''
SHELL='/bin/sh'
STRIP=''
VERSION='0.0.0-pre0'
ac_ct_CC='gcc'
am__EXEEXT_FALSE=''
am__EXEEXT_TRUE='#'
am__fastdepCC_FALSE='#'
am__fastdepCC_TRUE=''
am__include='include'
am__isrc=''
am__leading_dot='.'
am__nodep='_no'
am__quote=''
am__tar='$${TAR-tar} chof - "$$tardir"'
am__untar='$${TAR-tar} xf -'
bindir='${exec_prefix}/bin'
build_alias=''
datadir='${datarootdir}'
datarootdir='${prefix}/share'
docdir='${datarootdir}/doc/${PACKAGE_TARNAME}'
dvidir='${docdir}'
exec_prefix='${prefix}'
host_alias=''
htmldir='${docdir}'
includedir='${prefix}/include'
infodir='${datarootdir}/info'
install_sh='${SHELL} /home/users/mniedzwiedz/fxlms/fxlms2/install-sh'
libdir='${exec_prefix}/lib'
libexecdir='${exec_prefix}/libexec'
localedir='${datarootdir}/locale'
localstatedir='${prefix}/var'
mandir='${datarootdir}/man'
mkdir_p='$(MKDIR_P)'
oldincludedir='/usr/include'
pdfdir='${docdir}'
prefix='/usr/local'
program_transform_name='s,x,x,'
psdir='${docdir}'
sbindir='${exec_prefix}/sbin'
sharedstatedir='${prefix}/com'
sysconfdir='${prefix}/etc'
target_alias=''

## ----------- ##
## confdefs.h. ##
## ----------- ##

/* confdefs.h */
#define PACKAGE_NAME "fxlms"
#define PACKAGE_TARNAME "fxlms"
#define PACKAGE_VERSION "0.0.0-pre0"
#define PACKAGE_STRING "fxlms 0.0.0-pre0"
#define PACKAGE_BUGREPORT "krzysiek@podlesie.net"
#define PACKAGE_URL ""
#define PACKAGE "fxlms"
#define VERSION "0.0.0-pre0"
#define STDC_HEADERS 1
#define HAVE_SYS_TYPES_H 1
#define HAVE_SYS_STAT_H 1
#define HAVE_STDLIB_H 1
#define HAVE_STRING_H 1
#define HAVE_MEMORY_H 1
#define HAVE_STRINGS_H 1
#define HAVE_INTTYPES_H 1
#define HAVE_STDINT_H 1
#define HAVE_UNISTD_H 1
#define __EXTENSIONS__ 1
#define _ALL_SOURCE 1
#define _GNU_SOURCE 1
#define _POSIX_PTHREAD_SEMANTICS 1
#define _TANDEM_SOURCE 1
#define HAVE_LIBM 1

configure: exit 0
